0 info it worked if it ends with ok
1 verbose cli [ '/home/matt/.nvm/versions/node/v4.4.7/bin/node',
1 verbose cli   '/home/matt/.nvm/versions/node/v4.4.7/bin/npm',
1 verbose cli   'start' ]
2 info using npm@3.10.5
3 info using node@v4.4.7
4 verbose run-script [ 'prestart', 'start', 'poststart' ]
5 info lifecycle lift@0.0.0~prestart: lift@0.0.0
6 silly lifecycle lift@0.0.0~prestart: no script for prestart, continuing
7 info lifecycle lift@0.0.0~start: lift@0.0.0
8 verbose lifecycle lift@0.0.0~start: unsafe-perm in lifecycle true
9 verbose lifecycle lift@0.0.0~start: PATH: /home/matt/.nvm/versions/node/v4.4.7/lib/node_modules/npm/bin/node-gyp-bin:/home/matt/projects/lift-app/lift-client/node_modules/.bin:/home/matt/.nvm/versions/node/v4.4.7/bin:/usr/local/android-sdk-linux/tools:/usr/local/android-sdk-linux/platform-tools:/home/matt/.nvm/versions/node/v4.4.7/bin:/usr/local/android-sdk-linux/tools:/usr/local/android-sdk-linux/platform-tools:/home/matt/npm-global/bin:/usr/local/sbin:/usr/local/bin:/usr/sbin:/usr/bin:/sbin:/bin:/usr/games:/usr/local/games:/snap/bin:/usr/local/go/bin:/bin:/usr/local/go/bin:/home/matt/projects/workspace-go/bin
10 verbose lifecycle lift@0.0.0~start: CWD: /home/matt/projects/lift-app/lift-client
11 silly lifecycle lift@0.0.0~start: Args: [ '-c', 'ng serve' ]
12 silly lifecycle lift@0.0.0~start: Returned: code: 1  signal: null
13 info lifecycle lift@0.0.0~start: Failed to exec start script
14 verbose stack Error: lift@0.0.0 start: `ng serve`
14 verbose stack Exit status 1
14 verbose stack     at EventEmitter.<anonymous> (/home/matt/.nvm/versions/node/v4.4.7/lib/node_modules/npm/lib/utils/lifecycle.js:242:16)
14 verbose stack     at emitTwo (events.js:87:13)
14 verbose stack     at EventEmitter.emit (events.js:172:7)
14 verbose stack     at ChildProcess.<anonymous> (/home/matt/.nvm/versions/node/v4.4.7/lib/node_modules/npm/lib/utils/spawn.js:40:14)
14 verbose stack     at emitTwo (events.js:87:13)
14 verbose stack     at ChildProcess.emit (events.js:172:7)
14 verbose stack     at maybeClose (internal/child_process.js:827:16)
14 verbose stack     at Process.ChildProcess._handle.onexit (internal/child_process.js:211:5)
15 verbose pkgid lift@0.0.0
16 verbose cwd /home/matt/projects/lift-app/lift-client
17 error Linux 4.4.0-59-generic
18 error argv "/home/matt/.nvm/versions/node/v4.4.7/bin/node" "/home/matt/.nvm/versions/node/v4.4.7/bin/npm" "start"
19 error node v4.4.7
20 error npm  v3.10.5
21 error code ELIFECYCLE
22 error lift@0.0.0 start: `ng serve`
22 error Exit status 1
23 error Failed at the lift@0.0.0 start script 'ng serve'.
23 error Make sure you have the latest version of node.js and npm installed.
23 error If you do, this is most likely a problem with the lift package,
23 error not with npm itself.
23 error Tell the author that this fails on your system:
23 error     ng serve
23 error You can get information on how to open an issue for this project with:
23 error     npm bugs lift
23 error Or if that isn't available, you can get their info via:
23 error     npm owner ls lift
23 error There is likely additional logging output above.
24 verbose exit [ 1, true ]
